  2156.cpp
C:\Program Files\Microsoft Visual Studio\2022\Community\VC\Tools\MSVC\14.36.32532\include\numeric(34,26): warning C4244: '=': '__int64'에서 '_Ty'(으)로 변환하면서 데이터가 손실될 수 있습니다.
          with
          [
              _Ty=int
          ]
C:\Program Files\Microsoft Visual Studio\2022\Community\VC\Tools\MSVC\14.36.32532\include\numeric(43,17): message : 컴파일되는 함수 템플릿 인스턴스화 '_Ty std::accumulate<_InIt,_Ty,std::plus<void>>(const _InIt,const _InIt,_Ty,_Fn)'에 대한 참조를 확인하세요.
          with
          [
              _Ty=int,
              _InIt=std::_Vector_iterator<std::_Vector_val<std::_Simple_types<__int64>>>,
              _Fn=std::plus<void>
          ]
C:\Users\ehdnf\Documents\C++\CodingTestStudy\Project1\2156.cpp(18,16): message : 컴파일되는 함수 템플릿 인스턴스화 '_Ty std::accumulate<std::_Vector_iterator<std::_Vector_val<std::_Simple_types<__int64>>>,int>(const _InIt,const _InIt,_Ty)'에 대한 참조를 확인하세요.
          with
          [
              _Ty=int,
              _InIt=std::_Vector_iterator<std::_Vector_val<std::_Simple_types<__int64>>>
          ]
  Project1.vcxproj -> C:\Users\ehdnf\Documents\C++\CodingTestStudy\x64\Debug\CodingTestStudy.exe
